<?xml version="1.0" encoding="utf-8"?><testsuites name="pytest tests"><testsuite name="pytest" errors="0" failures="0" skipped="0" tests="5" time="9.565" timestamp="2026-06-08T12:44:17.979473+00:00" hostname="agent-env-6b88f3f4-babc-4e3a-a66d-0626ea122941"><testcase classname="backend.tests.test_plinko_api" name="test_root" time="0.174" /><testcase classname="backend.tests.test_plinko_api" name="test_list_assets" time="0.048" /><testcase classname="backend.tests.test_plinko_api" name="test_generate_ball_clock" time="9.086" /><testcase classname="backend.tests.test_plinko_api" name="test_generate_invalid_asset" time="0.046" /><testcase classname="backend.tests.test_plinko_api" name="test_generate_missing_name" time="0.046" /></testsuite></testsuites>